<?xml version="1.0" encoding="UTF-8"?>
<testsuite xmlns:xsi="http://www.w3.org/2001/XMLSchema-instance" xsi:noNamespaceSchemaLocation="https://maven.apache.org/surefire/maven-surefire-plugin/xsd/surefire-test-report-3.0.xsd" version="3.0" name="ma.uiass.eia.pds.gihFrontEnd.AppTest" time="0.024" tests="1" errors="0" skipped="0" failures="0">
  <properties>
    <property name="java.specification.version" value="18"/>
    <property name="sun.cpu.isalist" value="amd64"/>
    <property name="sun.jnu.encoding" value="Cp1252"/>
    <property name="java.class.path" value="C:\Users\Meh\Desktop\original\gih-pds\gihFrontEnd\target\test-classes;C:\Users\Meh\.m2\repository\org\jboss\logging\jboss-logging\3.4.3.Final\jboss-logging-3.4.3.Final.jar;C:\Users\Meh\.m2\repository\net\bytebuddy\byte-buddy\1.12.7\byte-buddy-1.12.7.jar;C:\Users\Meh\.m2\repository\antlr\antlr\2.7.7\antlr-2.7.7.jar;C:\Users\Meh\.m2\repository\org\jboss\spec\javax\transaction\jboss-transaction-api_1.2_spec\1.1.1.Final\jboss-transaction-api_1.2_spec-1.1.1.Final.jar;C:\Users\Meh\.m2\repository\org\jboss\jandex\2.4.2.Final\jandex-2.4.2.Final.jar;C:\Users\Meh\.m2\repository\javax\validation\validation-api\2.0.1.Final\validation-api-2.0.1.Final.jar;C:\Users\Meh\.m2\repository\jakarta\annotation\jakarta.annotation-api\2.1.1\jakarta.annotation-api-2.1.1.jar;C:\Users\Meh\.m2\repository\org\glassfish\jersey\core\jersey-client\3.1.1\jersey-client-3.1.1.jar;C:\Users\Meh\.m2\repository\jakarta\validation\jakarta.validation-api\3.0.2\jakarta.validation-api-3.0.2.jar;C:\Users\Meh\.m2\repository\org\glassfish\hk2\external\aopalliance-repackaged\3.0.3\aopalliance-repackaged-3.0.3.jar;C:\Users\Meh\.m2\repository\org\javassist\javassist\3.29.0-GA\javassist-3.29.0-GA.jar;C:\Users\Meh\.m2\repository\jakarta\inject\jakarta.inject-api\2.0.1\jakarta.inject-api-2.0.1.jar;C:\Users\Meh\.m2\repository\org\glassfish\hk2\osgi-resource-locator\1.0.3\osgi-resource-locator-1.0.3.jar;C:\Users\Meh\.m2\repository\org\glassfish\jersey\ext\jersey-entity-filtering\3.1.1\jersey-entity-filtering-3.1.1.jar;C:\Users\Meh\.m2\repository\com\fasterxml\jackson\jaxrs\jackson-jaxrs-json-provider\2.14.2\jackson-jaxrs-json-provider-2.14.2.jar;C:\Users\Meh\.m2\repository\org\glassfish\grizzly\grizzly-framework\4.0.0\grizzly-framework-4.0.0.jar;C:\Users\Meh\.m2\repository\junit\junit\3.8.1\junit-3.8.1.jar;C:\Users\Meh\.m2\repository\org\openjfx\javafx-swing\18.0.2\javafx-swing-18.0.2.jar;C:\Users\Meh\.m2\repository\org\openjfx\javafx-swing\18.0.2\javafx-swing-18.0.2-win.jar;C:\Users\Meh\.m2\repository\org\openjfx\javafx-graphics\18.0.2\javafx-graphics-18.0.2.jar;C:\Users\Meh\.m2\repository\org\openjfx\javafx-fxml\18.0.2\javafx-fxml-18.0.2.jar;C:\Users\Meh\.m2\repository\org\openjfx\javafx-controls\18.0.2\javafx-controls-18.0.2.jar;C:\Users\Meh\.m2\repository\org\openjfx\javafx-base\18.0.2\javafx-base-18.0.2.jar;C:\Users\Meh\.m2\repository\com\squareup\okio\okio-jvm\3.0.0\okio-jvm-3.0.0.jar;C:\Users\Meh\.m2\repository\org\jetbrains\kotlin\kotlin-stdlib-jdk8\1.5.31\kotlin-stdlib-jdk8-1.5.31.jar;C:\Users\Meh\.m2\repository\org\jetbrains\kotlin\kotlin-stdlib-jdk7\1.5.31\kotlin-stdlib-jdk7-1.5.31.jar;C:\Users\Meh\.m2\repository\org\jetbrains\kotlin\kotlin-stdlib-common\1.5.31\kotlin-stdlib-common-1.5.31.jar;C:\Users\Meh\.m2\repository\org\jetbrains\kotlin\kotlin-stdlib\1.6.20\kotlin-stdlib-1.6.20.jar;C:\Users\Meh\.m2\repository\org\jetbrains\annotations\13.0\annotations-13.0.jar;C:\Users\Meh\.m2\repository\de\jensd\fontawesomefx\8.9\fontawesomefx-8.9.jar;"/>
    <property name="java.vm.vendor" value="Oracle Corporation"/>
    <property name="sun.arch.data.model" value="64"/>
    <property name="user.variant" value=""/>
    <property name="java.vendor.url" value="https://java.oracle.com/"/>
    <property name="user.timezone" value="Africa/Casablanca"/>
    <property name="os.name" value="Windows 10"/>
    <property name="java.vm.specification.version" value="18"/>
    <property name="sun.java.launcher" value="SUN_STANDARD"/>
    <property name="user.country" value="US"/>
    <property name="sun.boot.library.path" value="C:\Program Files\Java\jdk-18.0.2.1\bin"/>
    <property name="sun.java.command" value="org.apache.maven.surefire.booter.ForkedBooter C:\Users\Meh\AppData\Local\Temp\surefire3011142291165110333 2023-04-13T11-10-29_624-jvmRun1 surefire-20230413111038387_1tmp surefire_0-20230413111038387_2tmp"/>
    <property name="jdk.debug" value="release"/>
    <property name="surefire.test.class.path" value="C:\Users\Meh\Desktop\original\gih-pds\gihFrontEnd\target\test-classes;C:\Users\Meh\.m2\repository\org\jboss\logging\jboss-logging\3.4.3.Final\jboss-logging-3.4.3.Final.jar;C:\Users\Meh\.m2\repository\net\bytebuddy\byte-buddy\1.12.7\byte-buddy-1.12.7.jar;C:\Users\Meh\.m2\repository\antlr\antlr\2.7.7\antlr-2.7.7.jar;C:\Users\Meh\.m2\repository\org\jboss\spec\javax\transaction\jboss-transaction-api_1.2_spec\1.1.1.Final\jboss-transaction-api_1.2_spec-1.1.1.Final.jar;C:\Users\Meh\.m2\repository\org\jboss\jandex\2.4.2.Final\jandex-2.4.2.Final.jar;C:\Users\Meh\.m2\repository\javax\validation\validation-api\2.0.1.Final\validation-api-2.0.1.Final.jar;C:\Users\Meh\.m2\repository\jakarta\annotation\jakarta.annotation-api\2.1.1\jakarta.annotation-api-2.1.1.jar;C:\Users\Meh\.m2\repository\org\glassfish\jersey\core\jersey-client\3.1.1\jersey-client-3.1.1.jar;C:\Users\Meh\.m2\repository\jakarta\validation\jakarta.validation-api\3.0.2\jakarta.validation-api-3.0.2.jar;C:\Users\Meh\.m2\repository\org\glassfish\hk2\external\aopalliance-repackaged\3.0.3\aopalliance-repackaged-3.0.3.jar;C:\Users\Meh\.m2\repository\org\javassist\javassist\3.29.0-GA\javassist-3.29.0-GA.jar;C:\Users\Meh\.m2\repository\jakarta\inject\jakarta.inject-api\2.0.1\jakarta.inject-api-2.0.1.jar;C:\Users\Meh\.m2\repository\org\glassfish\hk2\osgi-resource-locator\1.0.3\osgi-resource-locator-1.0.3.jar;C:\Users\Meh\.m2\repository\org\glassfish\jersey\ext\jersey-entity-filtering\3.1.1\jersey-entity-filtering-3.1.1.jar;C:\Users\Meh\.m2\repository\com\fasterxml\jackson\jaxrs\jackson-jaxrs-json-provider\2.14.2\jackson-jaxrs-json-provider-2.14.2.jar;C:\Users\Meh\.m2\repository\org\glassfish\grizzly\grizzly-framework\4.0.0\grizzly-framework-4.0.0.jar;C:\Users\Meh\.m2\repository\junit\junit\3.8.1\junit-3.8.1.jar;C:\Users\Meh\.m2\repository\org\openjfx\javafx-swing\18.0.2\javafx-swing-18.0.2.jar;C:\Users\Meh\.m2\repository\org\openjfx\javafx-swing\18.0.2\javafx-swing-18.0.2-win.jar;C:\Users\Meh\.m2\repository\org\openjfx\javafx-graphics\18.0.2\javafx-graphics-18.0.2.jar;C:\Users\Meh\.m2\repository\org\openjfx\javafx-fxml\18.0.2\javafx-fxml-18.0.2.jar;C:\Users\Meh\.m2\repository\org\openjfx\javafx-controls\18.0.2\javafx-controls-18.0.2.jar;C:\Users\Meh\.m2\repository\org\openjfx\javafx-base\18.0.2\javafx-base-18.0.2.jar;C:\Users\Meh\.m2\repository\com\squareup\okio\okio-jvm\3.0.0\okio-jvm-3.0.0.jar;C:\Users\Meh\.m2\repository\org\jetbrains\kotlin\kotlin-stdlib-jdk8\1.5.31\kotlin-stdlib-jdk8-1.5.31.jar;C:\Users\Meh\.m2\repository\org\jetbrains\kotlin\kotlin-stdlib-jdk7\1.5.31\kotlin-stdlib-jdk7-1.5.31.jar;C:\Users\Meh\.m2\repository\org\jetbrains\kotlin\kotlin-stdlib-common\1.5.31\kotlin-stdlib-common-1.5.31.jar;C:\Users\Meh\.m2\repository\org\jetbrains\kotlin\kotlin-stdlib\1.6.20\kotlin-stdlib-1.6.20.jar;C:\Users\Meh\.m2\repository\org\jetbrains\annotations\13.0\annotations-13.0.jar;C:\Users\Meh\.m2\repository\de\jensd\fontawesomefx\8.9\fontawesomefx-8.9.jar;"/>
    <property name="sun.cpu.endian" value="little"/>
    <property name="user.home" value="C:\Users\Meh"/>
    <property name="user.language" value="en"/>
    <property name="java.specification.vendor" value="Oracle Corporation"/>
    <property name="jdk.module.path" value="C:\Users\Meh\Desktop\original\gih-pds\gihFrontEnd\target\classes;C:\Users\Meh\Desktop\original\gih-pds\gihBackEnd\target\gihBackEnd-1.0-SNAPSHOT.jar;C:\Users\Meh\.m2\repository\org\hibernate\hibernate-core\5.6.5.Final\hibernate-core-5.6.5.Final.jar;C:\Users\Meh\.m2\repository\javax\persistence\javax.persistence-api\2.2\javax.persistence-api-2.2.jar;C:\Users\Meh\.m2\repository\com\fasterxml\classmate\1.5.1\classmate-1.5.1.jar;C:\Users\Meh\.m2\repository\javax\activation\javax.activation-api\1.2.0\javax.activation-api-1.2.0.jar;C:\Users\Meh\.m2\repository\org\hibernate\common\hibernate-commons-annotations\5.1.2.Final\hibernate-commons-annotations-5.1.2.Final.jar;C:\Users\Meh\.m2\repository\javax\xml\bind\jaxb-api\2.3.1\jaxb-api-2.3.1.jar;C:\Users\Meh\.m2\repository\org\hibernate\hibernate-entitymanager\5.6.5.Final\hibernate-entitymanager-5.6.5.Final.jar;C:\Users\Meh\.m2\repository\mysql\mysql-connector-java\5.1.49\mysql-connector-java-5.1.49.jar;C:\Users\Meh\.m2\repository\org\hibernate\validator\hibernate-validator\6.0.23.Final\hibernate-validator-6.0.23.Final.jar;C:\Users\Meh\.m2\repository\org\glassfish\jersey\containers\jersey-container-servlet\3.1.1\jersey-container-servlet-3.1.1.jar;C:\Users\Meh\.m2\repository\org\glassfish\jersey\containers\jersey-container-servlet-core\3.1.1\jersey-container-servlet-core-3.1.1.jar;C:\Users\Meh\.m2\repository\org\glassfish\jersey\core\jersey-common\3.1.1\jersey-common-3.1.1.jar;C:\Users\Meh\.m2\repository\org\glassfish\jersey\core\jersey-server\3.1.1\jersey-server-3.1.1.jar;C:\Users\Meh\.m2\repository\jakarta\ws\rs\jakarta.ws.rs-api\3.1.0\jakarta.ws.rs-api-3.1.0.jar;C:\Users\Meh\.m2\repository\org\glassfish\jersey\inject\jersey-hk2\3.1.1\jersey-hk2-3.1.1.jar;C:\Users\Meh\.m2\repository\org\glassfish\hk2\hk2-locator\3.0.3\hk2-locator-3.0.3.jar;C:\Users\Meh\.m2\repository\org\glassfish\hk2\hk2-api\3.0.3\hk2-api-3.0.3.jar;C:\Users\Meh\.m2\repository\org\glassfish\hk2\hk2-utils\3.0.3\hk2-utils-3.0.3.jar;C:\Users\Meh\.m2\repository\org\glassfish\jersey\media\jersey-media-jaxb\3.1.1\jersey-media-jaxb-3.1.1.jar;C:\Users\Meh\.m2\repository\org\glassfish\jersey\media\jersey-media-json-jackson\3.1.1\jersey-media-json-jackson-3.1.1.jar;C:\Users\Meh\.m2\repository\com\fasterxml\jackson\core\jackson-annotations\2.14.1\jackson-annotations-2.14.1.jar;C:\Users\Meh\.m2\repository\com\fasterxml\jackson\module\jackson-module-jakarta-xmlbind-annotations\2.14.1\jackson-module-jakarta-xmlbind-annotations-2.14.1.jar;C:\Users\Meh\.m2\repository\jakarta\xml\bind\jakarta.xml.bind-api\4.0.0\jakarta.xml.bind-api-4.0.0.jar;C:\Users\Meh\.m2\repository\jakarta\activation\jakarta.activation-api\2.1.0\jakarta.activation-api-2.1.0.jar;C:\Users\Meh\.m2\repository\com\fasterxml\jackson\core\jackson-databind\2.14.2\jackson-databind-2.14.2.jar;C:\Users\Meh\.m2\repository\com\fasterxml\jackson\jaxrs\jackson-jaxrs-base\2.14.2\jackson-jaxrs-base-2.14.2.jar;C:\Users\Meh\.m2\repository\com\fasterxml\jackson\module\jackson-module-jaxb-annotations\2.14.2\jackson-module-jaxb-annotations-2.14.2.jar;C:\Users\Meh\.m2\repository\com\fasterxml\jackson\core\jackson-core\2.14.2\jackson-core-2.14.2.jar;C:\Users\Meh\.m2\repository\org\glassfish\jaxb\jaxb-runtime\4.0.2\jaxb-runtime-4.0.2.jar;C:\Users\Meh\.m2\repository\org\glassfish\jaxb\jaxb-core\4.0.2\jaxb-core-4.0.2.jar;C:\Users\Meh\.m2\repository\org\eclipse\angus\angus-activation\2.0.0\angus-activation-2.0.0.jar;C:\Users\Meh\.m2\repository\org\glassfish\jaxb\txw2\4.0.2\txw2-4.0.2.jar;C:\Users\Meh\.m2\repository\com\sun\istack\istack-commons-runtime\4.1.1\istack-commons-runtime-4.1.1.jar;C:\Users\Meh\.m2\repository\org\glassfish\jersey\containers\jersey-container-grizzly2-http\3.1.1\jersey-container-grizzly2-http-3.1.1.jar;C:\Users\Meh\.m2\repository\org\glassfish\grizzly\grizzly-http-server\4.0.0\grizzly-http-server-4.0.0.jar;C:\Users\Meh\.m2\repository\org\glassfish\grizzly\grizzly-http\4.0.0\grizzly-http-4.0.0.jar;C:\Users\Meh\.m2\repository\org\openjfx\javafx-fxml\18.0.2\javafx-fxml-18.0.2-win.jar;C:\Users\Meh\.m2\repository\org\openjfx\javafx-controls\18.0.2\javafx-controls-18.0.2-win.jar;C:\Users\Meh\.m2\repository\org\controlsfx\controlsfx\11.1.2\controlsfx-11.1.2.jar;C:\Users\Meh\.m2\repository\org\openjfx\javafx-base\18.0.2\javafx-base-18.0.2-win.jar;C:\Users\Meh\.m2\repository\org\openjfx\javafx-media\18.0.2\javafx-media-18.0.2-win.jar;C:\Users\Meh\.m2\repository\org\openjfx\javafx-graphics\18.0.2\javafx-graphics-18.0.2-win.jar;C:\Users\Meh\.m2\repository\com\google\code\gson\gson\2.10.1\gson-2.10.1.jar;C:\Users\Meh\.m2\repository\com\squareup\okhttp3\okhttp\4.10.0\okhttp-4.10.0.jar;C:\Users\Meh\.m2\repository\de\jensd\fontawesomefx-fontawesome\4.7.0-9.1.2\fontawesomefx-fontawesome-4.7.0-9.1.2.jar;C:\Users\Meh\.m2\repository\de\jensd\fontawesomefx-commons\9.1.2\fontawesomefx-commons-9.1.2.jar;C:\Users\Meh\.m2\repository\de\jensd\fontawesomefx-materialicons\2.2.0-9.1.2\fontawesomefx-materialicons-2.2.0-9.1.2.jar"/>
    <property name="java.version.date" value="2022-08-18"/>
    <property name="java.home" value="C:\Program Files\Java\jdk-18.0.2.1"/>
    <property name="file.separator" value="\"/>
    <property name="basedir" value="C:\Users\Meh\Desktop\original\gih-pds\gihFrontEnd"/>
    <property name="java.vm.compressedOopsMode" value="32-bit"/>
    <property name="line.separator" value="&#10;"/>
    <property name="java.vm.specification.vendor" value="Oracle Corporation"/>
    <property name="java.specification.name" value="Java Platform API Specification"/>
    <property name="surefire.real.class.path" value="C:\Users\Meh\.m2\repository\org\apache\maven\surefire\surefire-booter\3.0.0-M8\surefire-booter-3.0.0-M8.jar;C:\Users\Meh\.m2\repository\org\apache\maven\surefire\surefire-api\3.0.0-M8\surefire-api-3.0.0-M8.jar;C:\Users\Meh\.m2\repository\org\apache\maven\surefire\surefire-logger-api\3.0.0-M8\surefire-logger-api-3.0.0-M8.jar;C:\Users\Meh\.m2\repository\org\apache\maven\surefire\surefire-shared-utils\3.0.0-M8\surefire-shared-utils-3.0.0-M8.jar;C:\Users\Meh\.m2\repository\org\apache\maven\surefire\surefire-extensions-spi\3.0.0-M8\surefire-extensions-spi-3.0.0-M8.jar;C:\Users\Meh\Desktop\original\gih-pds\gihFrontEnd\target\test-classes;C:\Users\Meh\.m2\repository\org\jboss\logging\jboss-logging\3.4.3.Final\jboss-logging-3.4.3.Final.jar;C:\Users\Meh\.m2\repository\net\bytebuddy\byte-buddy\1.12.7\byte-buddy-1.12.7.jar;C:\Users\Meh\.m2\repository\antlr\antlr\2.7.7\antlr-2.7.7.jar;C:\Users\Meh\.m2\repository\org\jboss\spec\javax\transaction\jboss-transaction-api_1.2_spec\1.1.1.Final\jboss-transaction-api_1.2_spec-1.1.1.Final.jar;C:\Users\Meh\.m2\repository\org\jboss\jandex\2.4.2.Final\jandex-2.4.2.Final.jar;C:\Users\Meh\.m2\repository\javax\validation\validation-api\2.0.1.Final\validation-api-2.0.1.Final.jar;C:\Users\Meh\.m2\repository\jakarta\annotation\jakarta.annotation-api\2.1.1\jakarta.annotation-api-2.1.1.jar;C:\Users\Meh\.m2\repository\org\glassfish\jersey\core\jersey-client\3.1.1\jersey-client-3.1.1.jar;C:\Users\Meh\.m2\repository\jakarta\validation\jakarta.validation-api\3.0.2\jakarta.validation-api-3.0.2.jar;C:\Users\Meh\.m2\repository\org\glassfish\hk2\external\aopalliance-repackaged\3.0.3\aopalliance-repackaged-3.0.3.jar;C:\Users\Meh\.m2\repository\org\javassist\javassist\3.29.0-GA\javassist-3.29.0-GA.jar;C:\Users\Meh\.m2\repository\jakarta\inject\jakarta.inject-api\2.0.1\jakarta.inject-api-2.0.1.jar;C:\Users\Meh\.m2\repository\org\glassfish\hk2\osgi-resource-locator\1.0.3\osgi-resource-locator-1.0.3.jar;C:\Users\Meh\.m2\repository\org\glassfish\jersey\ext\jersey-entity-filtering\3.1.1\jersey-entity-filtering-3.1.1.jar;C:\Users\Meh\.m2\repository\com\fasterxml\jackson\jaxrs\jackson-jaxrs-json-provider\2.14.2\jackson-jaxrs-json-provider-2.14.2.jar;C:\Users\Meh\.m2\repository\org\glassfish\grizzly\grizzly-framework\4.0.0\grizzly-framework-4.0.0.jar;C:\Users\Meh\.m2\repository\junit\junit\3.8.1\junit-3.8.1.jar;C:\Users\Meh\.m2\repository\org\openjfx\javafx-swing\18.0.2\javafx-swing-18.0.2.jar;C:\Users\Meh\.m2\repository\org\openjfx\javafx-swing\18.0.2\javafx-swing-18.0.2-win.jar;C:\Users\Meh\.m2\repository\org\openjfx\javafx-graphics\18.0.2\javafx-graphics-18.0.2.jar;C:\Users\Meh\.m2\repository\org\openjfx\javafx-fxml\18.0.2\javafx-fxml-18.0.2.jar;C:\Users\Meh\.m2\repository\org\openjfx\javafx-controls\18.0.2\javafx-controls-18.0.2.jar;C:\Users\Meh\.m2\repository\org\openjfx\javafx-base\18.0.2\javafx-base-18.0.2.jar;C:\Users\Meh\.m2\repository\com\squareup\okio\okio-jvm\3.0.0\okio-jvm-3.0.0.jar;C:\Users\Meh\.m2\repository\org\jetbrains\kotlin\kotlin-stdlib-jdk8\1.5.31\kotlin-stdlib-jdk8-1.5.31.jar;C:\Users\Meh\.m2\repository\org\jetbrains\kotlin\kotlin-stdlib-jdk7\1.5.31\kotlin-stdlib-jdk7-1.5.31.jar;C:\Users\Meh\.m2\repository\org\jetbrains\kotlin\kotlin-stdlib-common\1.5.31\kotlin-stdlib-common-1.5.31.jar;C:\Users\Meh\.m2\repository\org\jetbrains\kotlin\kotlin-stdlib\1.6.20\kotlin-stdlib-1.6.20.jar;C:\Users\Meh\.m2\repository\org\jetbrains\annotations\13.0\annotations-13.0.jar;C:\Users\Meh\.m2\repository\de\jensd\fontawesomefx\8.9\fontawesomefx-8.9.jar;C:\Users\Meh\.m2\repository\org\apache\maven\surefire\surefire-junit3\3.0.0-M8\surefire-junit3-3.0.0-M8.jar;C:\Users\Meh\.m2\repository\org\apache\maven\surefire\common-java5\3.0.0-M8\common-java5-3.0.0-M8.jar;C:\Users\Meh\.m2\repository\org\apache\maven\surefire\common-junit3\3.0.0-M8\common-junit3-3.0.0-M8.jar"/>
    <property name="user.script" value=""/>
    <property name="sun.management.compiler" value="HotSpot 64-Bit Tiered Compilers"/>
    <property name="java.runtime.version" value="18.0.2.1+1-1"/>
    <property name="user.name" value="Meh"/>
    <property name="path.separator" value=";"/>
    <property name="os.version" value="10.0"/>
    <property name="java.runtime.name" value="Java(TM) SE Runtime Environment"/>
    <property name="file.encoding" value="UTF-8"/>
    <property name="java.vm.name" value="Java HotSpot(TM) 64-Bit Server VM"/>
    <property name="localRepository" value="C:\Users\Meh\.m2\repository"/>
    <property name="java.vendor.url.bug" value="https://bugreport.java.com/bugreport/"/>
    <property name="java.io.tmpdir" value="C:\Users\Meh\AppData\Local\Temp\"/>
    <property name="java.version" value="18.0.2.1"/>
    <property name="user.dir" value="C:\Users\Meh\Desktop\original\gih-pds\gihFrontEnd"/>
    <property name="os.arch" value="amd64"/>
    <property name="java.vm.specification.name" value="Java Virtual Machine Specification"/>
    <property name="sun.os.patch.level" value=""/>
    <property name="native.encoding" value="Cp1252"/>
    <property name="java.library.path" value="C:\Program Files\Java\jdk-18.0.2.1\bin;C:\WINDOWS\Sun\Java\bin;C:\WINDOWS\system32;C:\WINDOWS;C:\app\Meh\product\21c\dbhomeXE\bin;C:\Program Files\Java\jdk-18.0.2.1\bin;C:\Windows\System32;C:\Program Files\mysql-8.0.30-winx64\bin;C:\Program Files\dotnet\;C:\MinGW\bin;C:\Program Files (x86)\NVIDIA Corporation\PhysX\Common;C:\Program Files\PuTTY\;C:\Program Files\nodejs\;C:\ProgramData\chocolatey\bin;C:\Program Files\NVIDIA Corporation\NVIDIA NvDLISR;D:\Downloads\apache-maven-3.9.0-bin\apache-maven-3.9.0\bin;C:\Program Files\Git\cmd;C:\Program Files\PowerShell\7-preview\preview;C:\Program Files\Microsoft SQL Server\150\Tools\Binn\;C:\Program Files\Microsoft SQL Server\Client SDK\ODBC\170\Tools\Binn\;C:\Program Files\PowerShell\7\;C:\Users\Meh\AppData\Local\Programs\Python\Python310\Scripts\;C:\Users\Meh\AppData\Local\Programs\Python\Python310\;C:\Users\Meh\AppData\Local\Microsoft\WindowsApps;C:\Program Files\JetBrains\IntelliJ IDEA Community Edition 2022.2.1\bin;C:\Program Files\JetBrains\PyCharm Community Edition 2022.2.1\bin;C:\Users\Meh\AppData\Local\Programs\Microsoft VS Code\bin;C:\Users\Meh\.dotnet\tools;C:\Program Files\swipl\bin;C:\Users\Meh\AppData\Roaming\npm;C:\Users\Meh\AppData\Local\GitHubDesktop\bin;."/>
    <property name="java.vm.info" value="mixed mode"/>
    <property name="java.vendor" value="Oracle Corporation"/>
    <property name="java.vm.version" value="18.0.2.1+1-1"/>
    <property name="sun.io.unicode.encoding" value="UnicodeLittle"/>
    <property name="java.class.version" value="62.0"/>
  </properties>
  <testcase name="testApp" classname="ma.uiass.eia.pds.gihFrontEnd.AppTest" time="0.003"/>
</testsuite>